12/5/12 12:26:49 PM org.neo4j.server.AbstractNeoServer INFO: Starting Neo Server on port [7474] with [80] threads available
12/5/12 12:26:49 PM org.neo4j.server.AbstractNeoServer INFO: Enabling HTTPS on port [7473]
12/5/12 12:26:49 PM org.neo4j.server.AbstractNeoServer INFO: No SSL certificate found, generating a self-signed certificate..
12/5/12 12:27:02 PM org.neo4j.server.database.Database INFO: Loaded neo4j tuning properties from conf/neo4j.properties
12/5/12 12:27:42 PM org.neo4j.server.database.Database INFO: Successfully started database
Logger not configured, logging to std out instead: [FINE] Adding JAXRS packages [org.neo4j.server.rest.discovery] at [/]
12/5/12 12:27:43 PM org.neo4j.server.modules.DiscoveryModule INFO: Mounted discovery module at [/]
Logger not configured, logging to std out instead: [FINE] Adding JAXRS packages [org.neo4j.server.rest.web] at [/db/data]
12/5/12 12:27:43 PM org.neo4j.server.plugins.PluginManager INFO: Loaded server plugin "CypherPlugin"
12/5/12 12:27:43 PM org.neo4j.server.plugins.PluginManager INFO: Loaded server plugin "GremlinPlugin"
12/5/12 12:27:43 PM org.neo4j.server.modules.RESTApiModule INFO: Mounted REST API at [/db/data/]
Logger not configured, logging to std out instead: [FINE] Adding JAXRS packages [org.neo4j.server.webadmin.rest] at [/db/manage]
12/5/12 12:27:43 PM org.neo4j.server.modules.ManagementApiModule INFO: Mounted management API at [/db/manage/]
12/5/12 12:27:44 PM org.neo4j.server.modules.WebAdminModule INFO: Mounted webadmin at [/webadmin]
12/5/12 12:27:46 PM org.neo4j.server.web.Jetty6WebServer INFO: Mounting static content at [/webadmin] from [webadmin-html]
Logger not configured, logging to std out instead: [FINE] Found [jar:file:/Users/danielhegglin/Downloads/neo4j-community-1.8/system/lib/neo4j-server-1.8-static-web.jar!/webadmin-html]
Logger not configured, logging to std out instead: [FINE] Mounting static content from [jar:file:/Users/danielhegglin/Downloads/neo4j-community-1.8/system/lib/neo4j-server-1.8-static-web.jar!/webadmin-html] at [/webadmin]
Logger not configured, logging to std out instead: [FINE] Mounting servlet at [/db/manage]
Logger not configured, logging to std out instead: [FINE] Mounting servlet at [/db/data]
Logger not configured, logging to std out instead: [FINE] Mounting servlet at [/]
12/5/12 12:28:02 PM org.neo4j.server.AbstractNeoServer INFO: Server started on [http://localhost:7474/]
Logger not configured, logging to std out instead: [FINEST] org.neo4j.server.webadmin.rest.ShellSession@6c5bdfae
Logger not configured, logging to std out instead: [FINEST] org.neo4j.server.webadmin.console.GremlinSession@4b469bea
Logger not configured, logging to std out instead: [FINEST] org.neo4j.server.webadmin.console.GremlinSession@4b469bea
Logger not configured, logging to std out instead: [FINEST] org.neo4j.server.webadmin.rest.ShellSession@6c5bdfae
Logger not configured, logging to std out instead: [FINEST] org.neo4j.server.webadmin.console.GremlinSession@4b469bea
Logger not configured, logging to std out instead: [FINEST] org.neo4j.server.webadmin.rest.ShellSession@6c5bdfae
Logger not configured, logging to std out instead: [FINEST] org.neo4j.server.webadmin.console.GremlinSession@4b469bea
Logger not configured, logging to std out instead: [FINEST] org.neo4j.server.webadmin.rest.ShellSession@6c5bdfae
Logger not configured, logging to std out instead: [FINEST] org.neo4j.server.webadmin.console.GremlinSession@4b469bea
Logger not configured, logging to std out instead: [FINEST] org.neo4j.server.webadmin.rest.ShellSession@6c5bdfae
Logger not configured, logging to std out instead: [FINEST] org.neo4j.server.webadmin.console.GremlinSession@4b469bea
Logger not configured, logging to std out instead: [FINEST] org.neo4j.server.webadmin.rest.ShellSession@6c5bdfae
12/5/12 3:20:37 PM org.neo4j.server.AbstractNeoServer INFO: Starting Neo Server on port [7474] with [80] threads available
12/5/12 3:20:37 PM org.neo4j.server.AbstractNeoServer INFO: Enabling HTTPS on port [7473]
12/5/12 3:20:38 PM org.neo4j.server.database.Database INFO: Loaded neo4j tuning properties from conf/neo4j.properties
12/5/12 3:20:39 PM org.neo4j.server.database.Database INFO: Successfully started database
Logger not configured, logging to std out instead: [FINE] Adding JAXRS packages [org.neo4j.server.rest.discovery] at [/]
12/5/12 3:20:39 PM org.neo4j.server.modules.DiscoveryModule INFO: Mounted discovery module at [/]
Logger not configured, logging to std out instead: [FINE] Adding JAXRS packages [org.neo4j.server.rest.web] at [/db/data]
12/5/12 3:20:39 PM org.neo4j.server.plugins.PluginManager INFO: Loaded server plugin "CypherPlugin"
12/5/12 3:20:39 PM org.neo4j.server.plugins.PluginManager INFO: Loaded server plugin "GremlinPlugin"
12/5/12 3:20:39 PM org.neo4j.server.modules.RESTApiModule INFO: Mounted REST API at [/db/data/]
Logger not configured, logging to std out instead: [FINE] Adding JAXRS packages [org.neo4j.server.webadmin.rest] at [/db/manage]
12/5/12 3:20:39 PM org.neo4j.server.modules.ManagementApiModule INFO: Mounted management API at [/db/manage/]
12/5/12 3:20:39 PM org.neo4j.server.modules.WebAdminModule INFO: Mounted webadmin at [/webadmin]
12/5/12 3:20:39 PM org.neo4j.server.web.Jetty6WebServer INFO: Mounting static content at [/webadmin] from [webadmin-html]
Logger not configured, logging to std out instead: [FINE] Found [jar:file:/Users/danielhegglin/Workspace8/tree-builder-2/TreeBuilder/lib/neo4j/system/lib/neo4j-server-1.8-static-web.jar!/webadmin-html]
Logger not configured, logging to std out instead: [FINE] Mounting static content from [jar:file:/Users/danielhegglin/Workspace8/tree-builder-2/TreeBuilder/lib/neo4j/system/lib/neo4j-server-1.8-static-web.jar!/webadmin-html] at [/webadmin]
Logger not configured, logging to std out instead: [FINE] Mounting servlet at [/db/manage]
Logger not configured, logging to std out instead: [FINE] Mounting servlet at [/db/data]
Logger not configured, logging to std out instead: [FINE] Mounting servlet at [/]
12/5/12 3:20:41 PM org.neo4j.server.AbstractNeoServer INFO: Server started on [http://localhost:7474/]
Logger not configured, logging to std out instead: [FINEST] org.neo4j.server.webadmin.rest.ShellSession@3f649b1a
Logger not configured, logging to std out instead: [FINEST] org.neo4j.server.webadmin.console.GremlinSession@892b7c2
Logger not configured, logging to std out instead: [FINEST] org.neo4j.server.webadmin.rest.ShellSession@3f649b1a
Logger not configured, logging to std out instead: [FINEST] org.neo4j.server.webadmin.console.GremlinSession@892b7c2
