Dec 5, 2012 12:26:39 PM org.neo4j.server.logging.Logger log
INFO: Store files missing, or not in suitable state for upgrade. Leaving this problem for main server process to resolve.
Dec 5, 2012 12:26:49 PM org.neo4j.server.logging.Logger log
INFO: Starting Neo Server on port [7474] with [80] threads available
Dec 5, 2012 12:26:49 PM org.neo4j.server.logging.Logger log
INFO: Enabling HTTPS on port [7473]
Dec 5, 2012 12:26:49 PM org.neo4j.server.logging.Logger log
INFO: No SSL certificate found, generating a self-signed certificate..
Dec 5, 2012 12:27:02 PM org.neo4j.server.logging.Logger log
INFO: Loaded neo4j tuning properties from conf/neo4j.properties
Dec 5, 2012 12:27:42 PM org.neo4j.server.logging.Logger log
INFO: Successfully started database
Dec 5, 2012 12:27:43 PM org.neo4j.server.logging.Logger log
INFO: Mounted discovery module at [/]
Dec 5, 2012 12:27:43 PM org.neo4j.server.logging.Logger log
INFO: Loaded server plugin "CypherPlugin"
Dec 5, 2012 12:27:43 PM org.neo4j.server.logging.Logger log
INFO: Loaded server plugin "GremlinPlugin"
Dec 5, 2012 12:27:43 PM org.neo4j.server.logging.Logger log
INFO: Mounted REST API at [/db/data/]
Dec 5, 2012 12:27:43 PM org.neo4j.server.logging.Logger log
INFO: Mounted management API at [/db/manage/]
Dec 5, 2012 12:27:44 PM org.neo4j.server.logging.Logger log
INFO: Mounted webadmin at [/webadmin]
Dec 5, 2012 12:27:46 PM org.neo4j.server.logging.Logger log
INFO: Mounting static content at [/webadmin] from [webadmin-html]
Dec 5, 2012 12:27:47 PM com.sun.jersey.api.core.PackagesResourceConfig init
INFO: Scanning for root resource and provider classes in the packages:
  org.neo4j.server.webadmin.rest
Dec 5, 2012 12:27:48 PM com.sun.jersey.api.core.ScanningResourceConfig logClasses
INFO: Root resource classes found:
  class org.neo4j.server.webadmin.rest.RootService
  class org.neo4j.server.webadmin.rest.ConsoleService
  class org.neo4j.server.webadmin.rest.JmxService
  class org.neo4j.server.webadmin.rest.MonitorService
Dec 5, 2012 12:27:48 PM com.sun.jersey.api.core.ScanningResourceConfig init
INFO: No provider classes found.
Dec 5, 2012 12:27:54 PM com.sun.jersey.server.impl.application.WebApplicationImpl _initiate
INFO: Initiating Jersey application, version 'Jersey: 1.9 09/02/2011 11:17 AM'
Dec 5, 2012 12:27:58 PM com.sun.jersey.api.core.PackagesResourceConfig init
INFO: Scanning for root resource and provider classes in the packages:
  org.neo4j.server.rest.web
Dec 5, 2012 12:27:58 PM com.sun.jersey.api.core.ScanningResourceConfig logClasses
INFO: Root resource classes found:
  class org.neo4j.server.rest.web.RestfulGraphDatabase
  class org.neo4j.server.rest.web.ExtensionService
  class org.neo4j.server.rest.web.BatchOperationService
  class org.neo4j.server.rest.web.CypherService
  class org.neo4j.server.rest.web.ResourcesService
  class org.neo4j.server.rest.web.DatabaseMetadataService
Dec 5, 2012 12:27:58 PM com.sun.jersey.api.core.ScanningResourceConfig init
INFO: No provider classes found.
Dec 5, 2012 12:27:58 PM com.sun.jersey.server.impl.application.WebApplicationImpl _initiate
INFO: Initiating Jersey application, version 'Jersey: 1.9 09/02/2011 11:17 AM'
Dec 5, 2012 12:27:58 PM com.sun.jersey.api.core.PackagesResourceConfig init
INFO: Scanning for root resource and provider classes in the packages:
  org.neo4j.server.rest.discovery
Dec 5, 2012 12:27:58 PM com.sun.jersey.api.core.ScanningResourceConfig logClasses
INFO: Root resource classes found:
  class org.neo4j.server.rest.discovery.DiscoveryService
Dec 5, 2012 12:27:58 PM com.sun.jersey.api.core.ScanningResourceConfig init
INFO: No provider classes found.
Dec 5, 2012 12:27:58 PM com.sun.jersey.server.impl.application.WebApplicationImpl _initiate
INFO: Initiating Jersey application, version 'Jersey: 1.9 09/02/2011 11:17 AM'
Dec 5, 2012 12:28:02 PM org.neo4j.server.logging.Logger log
INFO: Server started on [http://localhost:7474/]
Dec 5, 2012 3:20:37 PM org.neo4j.server.logging.Logger log
INFO: Store files missing, or not in suitable state for upgrade. Leaving this problem for main server process to resolve.
Dec 5, 2012 3:20:37 PM org.neo4j.server.logging.Logger log
INFO: Starting Neo Server on port [7474] with [80] threads available
Dec 5, 2012 3:20:37 PM org.neo4j.server.logging.Logger log
INFO: Enabling HTTPS on port [7473]
Dec 5, 2012 3:20:38 PM org.neo4j.server.logging.Logger log
INFO: Loaded neo4j tuning properties from conf/neo4j.properties
Dec 5, 2012 3:20:38 PM org.neo4j.kernel.impl.transaction.xaframework.XaLogicalLog doInternalRecovery
INFO: Non clean shutdown detected on log [/Users/danielhegglin/Workspace8/tree-builder-2/TreeBuilder/lib/neo4j/data/graph.db/nioneo_logical.log.1]. Recovery started ...
Dec 5, 2012 3:20:39 PM org.neo4j.kernel.impl.transaction.xaframework.XaLogicalLog doInternalRecovery
INFO: Non clean shutdown detected on log [/Users/danielhegglin/Workspace8/tree-builder-2/TreeBuilder/lib/neo4j/data/graph.db/index/lucene.log.1]. Recovery started ...
Dec 5, 2012 3:20:39 PM org.neo4j.server.logging.Logger log
INFO: Successfully started database
Dec 5, 2012 3:20:39 PM org.neo4j.server.logging.Logger log
INFO: Mounted discovery module at [/]
Dec 5, 2012 3:20:39 PM org.neo4j.server.logging.Logger log
INFO: Loaded server plugin "CypherPlugin"
Dec 5, 2012 3:20:39 PM org.neo4j.server.logging.Logger log
INFO: Loaded server plugin "GremlinPlugin"
Dec 5, 2012 3:20:39 PM org.neo4j.server.logging.Logger log
INFO: Mounted REST API at [/db/data/]
Dec 5, 2012 3:20:39 PM org.neo4j.server.logging.Logger log
INFO: Mounted management API at [/db/manage/]
Dec 5, 2012 3:20:39 PM org.neo4j.server.logging.Logger log
INFO: Mounted webadmin at [/webadmin]
Dec 5, 2012 3:20:39 PM org.neo4j.server.logging.Logger log
INFO: Mounting static content at [/webadmin] from [webadmin-html]
Dec 5, 2012 3:20:39 PM com.sun.jersey.api.core.PackagesResourceConfig init
INFO: Scanning for root resource and provider classes in the packages:
  org.neo4j.server.webadmin.rest
Dec 5, 2012 3:20:39 PM com.sun.jersey.api.core.ScanningResourceConfig logClasses
INFO: Root resource classes found:
  class org.neo4j.server.webadmin.rest.MonitorService
  class org.neo4j.server.webadmin.rest.RootService
  class org.neo4j.server.webadmin.rest.JmxService
  class org.neo4j.server.webadmin.rest.ConsoleService
Dec 5, 2012 3:20:39 PM com.sun.jersey.api.core.ScanningResourceConfig init
INFO: No provider classes found.
Dec 5, 2012 3:20:40 PM com.sun.jersey.server.impl.application.WebApplicationImpl _initiate
INFO: Initiating Jersey application, version 'Jersey: 1.9 09/02/2011 11:17 AM'
Dec 5, 2012 3:20:40 PM com.sun.jersey.api.core.PackagesResourceConfig init
INFO: Scanning for root resource and provider classes in the packages:
  org.neo4j.server.rest.web
Dec 5, 2012 3:20:41 PM com.sun.jersey.api.core.ScanningResourceConfig logClasses
INFO: Root resource classes found:
  class org.neo4j.server.rest.web.BatchOperationService
  class org.neo4j.server.rest.web.CypherService
  class org.neo4j.server.rest.web.DatabaseMetadataService
  class org.neo4j.server.rest.web.ExtensionService
  class org.neo4j.server.rest.web.RestfulGraphDatabase
  class org.neo4j.server.rest.web.ResourcesService
Dec 5, 2012 3:20:41 PM com.sun.jersey.api.core.ScanningResourceConfig init
INFO: No provider classes found.
Dec 5, 2012 3:20:41 PM com.sun.jersey.server.impl.application.WebApplicationImpl _initiate
INFO: Initiating Jersey application, version 'Jersey: 1.9 09/02/2011 11:17 AM'
Dec 5, 2012 3:20:41 PM com.sun.jersey.api.core.PackagesResourceConfig init
INFO: Scanning for root resource and provider classes in the packages:
  org.neo4j.server.rest.discovery
Dec 5, 2012 3:20:41 PM com.sun.jersey.api.core.ScanningResourceConfig logClasses
INFO: Root resource classes found:
  class org.neo4j.server.rest.discovery.DiscoveryService
Dec 5, 2012 3:20:41 PM com.sun.jersey.api.core.ScanningResourceConfig init
INFO: No provider classes found.
Dec 5, 2012 3:20:41 PM com.sun.jersey.server.impl.application.WebApplicationImpl _initiate
INFO: Initiating Jersey application, version 'Jersey: 1.9 09/02/2011 11:17 AM'
Dec 5, 2012 3:20:41 PM org.neo4j.server.logging.Logger log
INFO: Server started on [http://localhost:7474/]
