#
# A fatal error has been detected by the Java Runtime Environment:
#
#  SIGSEGV (0xb) at pc=0x00007fff825e6786, pid=14636, tid=1799
#
# JRE version: 7.0_09-b05
# Java VM: Java HotSpot(TM) 64-Bit Server VM (23.5-b02 mixed mode bsd-amd64 compressed oops)
# Problematic frame:
# C  [libRIP.A.dylib+0x20786]  __CGBitmapContextDelegateData+0x1be
#
# Failed to write core dump. Core dumps have been disabled. To enable core dumping, try "ulimit -c unlimited" before starting Java again
#
# If you would like to submit a bug report, please visit:
#   http://bugreport.sun.com/bugreport/crash.jsp
# The crash happened outside the Java Virtual Machine in native code.
# See problematic frame for where to report the bug.
#

---------------  T H R E A D  ---------------

Current thread (0x00007fa9fb93c000):  JavaThread "AppKit Thread" daemon [_thread_in_native, id=1799, stack(0x00007fff5dc39000,0x00007fff5e439000)]

siginfo:si_signo=SIGSEGV: si_errno=0, si_code=1 (SEGV_MAPERR), si_addr=0x00007fff0606068e

Registers:
RAX=0x00007fff06060606, RBX=0x00007fa9fcb59670, RCX=0x000000015fbfc100, RDX=0x00007fa9fa572780
RSP=0x00007fff5e42fcb0, RBP=0x00007fff5e42fd10, RSI=0x00007fff5e42fce0, RDI=0x00007fa9fa5cf8d0
R8 =0x0000000000000017, R9 =0x0000000000000001, R10=0x0000000000000000, R11=0x00007fa9fce96690
R12=0x0000000162a46a60, R13=0x0000000000000070, R14=0x00007fa9fcb59440, R15=0x00007fa9fce96690
RIP=0x00007fff825e6786, EFLAGS=0x0000000000010246, ERR=0x0000000000000004
  TRAPNO=0x000000000000000e

Top of Stack: (sp=0x00007fff5e42fcb0)
0x00007fff5e42fcb0:   000000015fbfc100 00007fff00000000
0x00007fff5e42fcc0:   0000000000000000 0000001100000000
0x00007fff5e42fcd0:   0000000000000000 0000015500000070
0x00007fff5e42fce0:   000000015fbfc100 0000000000000020
0x00007fff5e42fcf0:   00007fa9fcb59670 0000000000000008
0x00007fff5e42fd00:   0000000162a46a60 00007fa9fcb59380
0x00007fff5e42fd10:   00007fff5e42fd70 00007fff81c41cc5
0x00007fff5e42fd20:   0000000000000020 00000000000001c0
0x00007fff5e42fd30:   00007fa9fa574ae0 0000000000002002
0x00007fff5e42fd40:   0000000000000000 0000000000000000
0x00007fff5e42fd50:   0000000000000000 000000015e17dd30
0x00007fff5e42fd60:   0000000000002002 00007fa9fa574ae0
0x00007fff5e42fd70:   00007fff5e42fde0 00007fff819d3867
0x00007fff5e42fd80:   0000000000000008 0000000000000020
0x00007fff5e42fd90:   00000000000001c0 0000000000000020
0x00007fff5e42fda0:   0000015500000000 00000000000001c0
0x00007fff5e42fdb0:   000000015fbfc100 0000000000000070
0x00007fff5e42fdc0:   0000000000000070 00007fa9fcb58620
0x00007fff5e42fdd0:   0000000000000000 0000000000000155
0x00007fff5e42fde0:   00007fff5e42fdf0 00007fff819d379e
0x00007fff5e42fdf0:   00007fff5e42fff0 00007fff819d2e74
0x00007fff5e42fe00:   0000000000000000 000000000000b003
0x00007fff5e42fe10:   0000000300000574 000000000000005c
0x00007fff5e42fe20:   0000000000000000 00007fff8389ffa8
0x00007fff5e42fe30:   00007fff00000000 0000000000000000
0x00007fff5e42fe40:   4075500000000000 405c000000000000
0x00007fff5e42fe50:   00007fa900000001 0000000100000001
0x00007fff5e42fe60:   00007fff81abd328 00007fa9fcb58738
0x00007fff5e42fe70:   00007fa9fcb58630 0000000000000070
0x00007fff5e42fe80:   0000000000000000 000000015e179580
0x00007fff5e42fe90:   000000015fbfc000 0000000100000000
0x00007fff5e42fea0:   00007fa9fcb58738 000000015fbfc100 

Instructions: (pc=0x00007fff825e6786)
0x00007fff825e6766:   48 8b 7b 20 48 85 ff 74 06 48 8b 07 ff 50 18 4c
0x00007fff825e6776:   89 7b 20 eb 54 49 8b 7e 48 48 8b 07 48 8d 75 d0
0x00007fff825e6786:   ff 90 88 00 00 00 3c 01 75 20 8b 45 d0 3b 45 c0
0x00007fff825e6796:   75 18 8b 45 d4 3b 45 c4 75 10 8b 45 d8 3b 45 c8 

Register to memory mapping:

RAX=0x00007fff06060606 is an unknown value
RBX=0x00007fa9fcb59670 is an unknown value
RCX=0x000000015fbfc100 is an unknown value
RDX=0x00007fa9fa572780 is an unknown value
RSP=0x00007fff5e42fcb0 is pointing into the stack for thread: 0x00007fa9fb93c000
RBP=0x00007fff5e42fd10 is pointing into the stack for thread: 0x00007fa9fb93c000
RSI=0x00007fff5e42fce0 is pointing into the stack for thread: 0x00007fa9fb93c000
RDI=0x00007fa9fa5cf8d0 is an unknown value
R8 =0x0000000000000017 is an unknown value
R9 =0x0000000000000001 is an unknown value
R10=0x0000000000000000 is an unknown value
R11=0x00007fa9fce96690 is an unknown value
R12=0x0000000162a46a60 is an unknown value
R13=0x0000000000000070 is an unknown value
R14=0x00007fa9fcb59440 is an unknown value
R15=0x00007fa9fce96690 is an unknown value


Stack: [0x00007fff5dc39000,0x00007fff5e439000],  sp=0x00007fff5e42fcb0,  free space=8155k
Native frames: (J=compiled Java code, j=interpreted, Vv=VM code, C=native code)
C  [libRIP.A.dylib+0x20786]  __CGBitmapContextDelegateData+0x1be
C  [CoreGraphics+0xd8cc5]  CGBitmapContextSetData+0xdf
C  [QuartzCore+0x35867]  _ZL27CAGetCachedCGBitmapContext_PvjjjmP12CGColorSpace+0xba
C  [QuartzCore+0x3579e]  CAGetCachedCGBitmapContext+0x9
C  [QuartzCore+0x34e74]  CABackingStoreUpdate_+0xbda
C  [QuartzCore+0x33ce2]  _ZN2CA5Layer8display_Ev+0x4a4
C  [QuartzCore+0x33661]  _ZN2CA5Layer17display_if_neededEPNS_11TransactionE+0x251
C  [QuartzCore+0x32e7b]  _ZN2CA5Layer28layout_and_display_if_neededEPNS_11TransactionE+0x23
C  [QuartzCore+0x28653]  _ZN2CA7Context18commit_transactionEPNS_11TransactionE+0x105
C  [QuartzCore+0x28423]  _ZN2CA11Transaction6commitEv+0x171
C  [AppKit+0x2e8032]  -[NSView(NSLayerKitGlue) _drawRectAsLayerTree:]+0x1eb
C  [AppKit+0x19735a]  -[NSView _drawRect:clip:]+0x128f
C  [AppKit+0x1957a1]  -[NSView _recursiveDisplayAllDirtyWithLockFocus:visRect:]+0x678
C  [AppKit+0x1937d2]  -[NSView _recursiveDisplayRectIfNeededIgnoringOpacity:isVisibleRect:rectIsVisibleRectForView:topView:]+0x331
C  [AppKit+0x194b24]  -[NSView _recursiveDisplayRectIfNeededIgnoringOpacity:isVisibleRect:rectIsVisibleRectForView:topView:]+0x1683
C  [AppKit+0x193223]  -[NSThemeFrame _recursiveDisplayRectIfNeededIgnoringOpacity:isVisibleRect:rectIsVisibleRectForView:topView:]+0x13a
C  [AppKit+0x18ee4d]  -[NSView _displayRectIgnoringOpacity:isVisibleRect:rectIsVisibleRectForView:]+0x1243
C  [AppKit+0x158d73]  -[NSView displayIfNeeded]+0x726
C  [AppKit+0x18b6eb]  -[NSThemeFrame handleSetFrameCommonRedisplay]+0x102
C  [AppKit+0x1846bb]  -[NSWindow _setFrameCommon:display:stashSize:]+0xa4f
C  [AppKit+0x8cda99]  -[NSWindow(NSWindowResizing) _resizeWithEvent:]+0x633
C  [AppKit+0x6d3e69]  -[NSTitledFrame mouseDown:]+0xbd
C  [AppKit+0x6d187e]  -[NSThemeFrame mouseDown:]+0x119
C  [AppKit+0x23a60e]  -[NSWindow sendEvent:]+0x1ac5
C  [liblwawt.dylib+0x1be33]  -[AWTWindow_Normal sendEvent:]+0x56
C  [AppKit+0x236744]  -[NSApplication sendEvent:]+0x1681
C  [libosxapp.dylib+0x1ad1]  -[NSApplicationAWT sendEvent:]+0xb3
C  [AppKit+0x14c2fa]  -[NSApplication run]+0x27c
C  [libosxapp.dylib+0x19b9]  +[NSApplicationAWT runAWTLoopWithApp:]+0x9c
C  [liblwawt.dylib+0xda5a]  -[AWTStarter starter:]+0x637
C  [Foundation+0x92677]  __NSThreadPerformPerform+0xe1
C  [CoreFoundation+0x12101]  __CFRUNLOOP_IS_CALLING_OUT_TO_A_SOURCE0_PERFORM_FUNCTION__+0x11
C  [CoreFoundation+0x11a25]  __CFRunLoopDoSources0+0xf5
C  [CoreFoundation+0x34dc5]  __CFRunLoopRun+0x315
C  [CoreFoundation+0x346b2]  CFRunLoopRunSpecific+0x122
C  [java+0x74bc]  CreateExecutionEnvironment+0x367
C  [java+0x1cac]  JLI_Launch+0x7a0
C  [java+0x7819]  main+0x65
C  [java+0x1504]  start+0x34


---------------  P R O C E S S  ---------------

Java Threads: ( => current thread )
  0x00007fa9fb837000 JavaThread "DestroyJavaVM" [_thread_blocked, id=5891, stack(0x0000000102399000,0x0000000102499000)]
  0x00007fa9fbb20800 JavaThread "AWT-EventQueue-0" [_thread_in_native, id=50959, stack(0x000000016441f000,0x000000016451f000)]
  0x00007fa9fa9c4000 JavaThread "TimerQueue" daemon [_thread_blocked, id=44035, stack(0x0000000163214000,0x0000000163314000)]
  0x00007fa9fa8f4000 JavaThread "Java2D Queue Flusher" daemon [_thread_blocked, id=35103, stack(0x00000001620b6000,0x00000001621b6000)]
  0x00007fa9fba62000 JavaThread "Java2D Disposer" daemon [_thread_blocked, id=35603, stack(0x0000000161ede000,0x0000000161fde000)]
  0x00007fa9fb93c800 JavaThread "AWT-Shutdown" [_thread_blocked, id=20999, stack(0x000000015e4f2000,0x000000015e5f2000)]
=>0x00007fa9fb93c000 JavaThread "AppKit Thread" daemon [_thread_in_native, id=1799, stack(0x00007fff5dc39000,0x00007fff5e439000)]
  0x00007fa9fb031800 JavaThread "Service Thread" daemon [_thread_blocked, id=20483, stack(0x000000015d867000,0x000000015d967000)]
  0x00007fa9fb01b800 JavaThread "C2 CompilerThread1" daemon [_thread_blocked, id=20227, stack(0x000000015d764000,0x000000015d864000)]
  0x00007fa9fb02f800 JavaThread "C2 CompilerThread0" daemon [_thread_in_native, id=19971, stack(0x000000015d661000,0x000000015d761000)]
  0x00007fa9fb02c800 JavaThread "Signal Dispatcher" daemon [_thread_blocked, id=19715, stack(0x000000015d55e000,0x000000015d65e000)]
  0x00007fa9f9828800 JavaThread "Finalizer" daemon [_thread_blocked, id=15107, stack(0x000000015d28b000,0x000000015d38b000)]
  0x00007fa9f9828000 JavaThread "Reference Handler" daemon [_thread_blocked, id=14851, stack(0x000000015d188000,0x000000015d288000)]

Other Threads:
  0x00007fa9f9825000 VMThread [stack: 0x000000015d085000,0x000000015d185000] [id=14595]
  0x00007fa9fb03a000 WatcherThread [stack: 0x000000015d96a000,0x000000015da6a000] [id=20739]

VM state:not at safepoint (normal execution)

VM Mutex/Monitor currently owned by a thread: None

Heap
 PSYoungGen      total 37312K, used 22537K [0x000000013e440000, 0x0000000141530000, 0x0000000158240000)
  eden space 27840K, 75% used [0x000000013e440000,0x000000013f8b7c80,0x000000013ff70000)
  from space 9472K, 16% used [0x00000001408b0000,0x0000000140a3aaf8,0x00000001411f0000)
  to   space 9472K, 0% used [0x000000013ff70000,0x000000013ff70000,0x00000001408b0000)
 ParOldGen       total 238464K, used 179724K [0x000000010a840000, 0x0000000119120000, 0x000000013e440000)
  object space 238464K, 75% used [0x000000010a840000,0x00000001157c3298,0x0000000119120000)
 PSPermGen       total 35968K, used 20825K [0x0000000105640000, 0x0000000107960000, 0x000000010a840000)
  object space 35968K, 57% used [0x0000000105640000,0x0000000106a96758,0x0000000107960000)

Card table byte_map: [0x0000000158240000,0x00000001584d7000] byte_map_base: 0x0000000157a14e00

Polling page: 0x00000001024d8000

Code Cache  [0x000000010256e000, 0x00000001027de000, 0x000000010556e000)
 total_blobs=975 nmethods=453 adapters=474 free_code_cache=47735Kb largest_free_block=48845184

Compilation events (10 events):
Event: 10.089 Thread 0x00007fa9fb02f800 nmethod 456 0x00000001026d3050 code [0x00000001026d31a0, 0x00000001026d3338]
Event: 10.100 Thread 0x00007fa9fb01b800  458             sun.java2d.pipe.BufferedContext::validateContext (26 bytes)
Event: 10.100 Thread 0x00007fa9fb02f800  459             sun.java2d.opengl.OGLSurfaceData::getContext (5 bytes)
Event: 10.102 Thread 0x00007fa9fb02f800 nmethod 459 0x00000001026d3c90 code [0x00000001026d3de0, 0x00000001026d3e78]
Event: 10.102 Thread 0x00007fa9fb02f800  460             sun.java2d.opengl.OGLSurfaceData::getContext (10 bytes)
Event: 10.102 Thread 0x00007fa9fb02f800 nmethod 460 0x00000001026d4010 code [0x00000001026d4160, 0x00000001026d41f8]
Event: 10.102 Thread 0x00007fa9fb02f800  461             sun.java2d.opengl.CGLGraphicsConfig::getContext (5 bytes)
Event: 10.103 Thread 0x00007fa9fb02f800 nmethod 461 0x00000001026aba90 code [0x00000001026abbc0, 0x00000001026abc38]
Event: 10.103 Thread 0x00007fa9fb02f800  462             sun.java2d.pipe.BufferedContext::validate (524 bytes)
Event: 10.103 Thread 0x00007fa9fb01b800 nmethod 458 0x00000001026ab490 code [0x00000001026ab600, 0x00000001026ab7e8]

GC Heap History (10 events):
Event: 3.817 GC heap before
{Heap before GC invocations=7 (full 3):
 PSYoungGen      total 23168K, used 19904K [0x000000013e440000, 0x0000000141180000, 0x0000000158240000)
  eden space 19904K, 100% used [0x000000013e440000,0x000000013f7b0000,0x000000013f7b0000)
  from space 3264K, 0% used [0x000000013f7b0000,0x000000013f7b0000,0x000000013fae0000)
  to   space 3264K, 0% used [0x0000000140e50000,0x0000000140e50000,0x0000000141180000)
 ParOldGen       total 134272K, used 100684K [0x000000010a840000, 0x0000000112b60000, 0x000000013e440000)
  object space 134272K, 74% used [0x000000010a840000,0x0000000110a93360,0x0000000112b60000)
 PSPermGen       total 39296K, used 18465K [0x0000000105640000, 0x0000000107ca0000, 0x000000010a840000)
  object space 39296K, 46% used [0x0000000105640000,0x00000001068486f0,0x0000000107ca0000)
Event: 3.850 GC heap after
Heap after GC invocations=7 (full 3):
 PSYoungGen      total 22848K, used 224K [0x000000013e440000, 0x0000000140e90000, 0x0000000158240000)
  eden space 22592K, 0% used [0x000000013e440000,0x000000013e440000,0x000000013fa50000)
  from space 256K, 87% used [0x0000000140e50000,0x0000000140e88000,0x0000000140e90000)
  to   space 3264K, 0% used [0x0000000140830000,0x0000000140830000,0x0000000140b60000)
 ParOldGen       total 134272K, used 100684K [0x000000010a840000, 0x0000000112b60000, 0x000000013e440000)
  object space 134272K, 74% used [0x000000010a840000,0x0000000110a93360,0x0000000112b60000)
 PSPermGen       total 39296K, used 18465K [0x0000000105640000, 0x0000000107ca0000, 0x000000010a840000)
  object space 39296K, 46% used [0x0000000105640000,0x00000001068486f0,0x0000000107ca0000)
}
Event: 4.220 GC heap before
{Heap before GC invocations=8 (full 4):
 PSYoungGen      total 22848K, used 22816K [0x000000013e440000, 0x0000000140e90000, 0x0000000158240000)
  eden space 22592K, 100% used [0x000000013e440000,0x000000013fa50000,0x000000013fa50000)
  from space 256K, 87% used [0x0000000140e50000,0x0000000140e88000,0x0000000140e90000)
  to   space 3264K, 0% used [0x0000000140830000,0x0000000140830000,0x0000000140b60000)
 ParOldGen       total 212672K, used 210059K [0x000000010a840000, 0x00000001177f0000, 0x000000013e440000)
  object space 212672K, 98% used [0x000000010a840000,0x0000000117562fd0,0x00000001177f0000)
 PSPermGen       total 39296K, used 18502K [0x0000000105640000, 0x0000000107ca0000, 0x000000010a840000)
  object space 39296K, 47% used [0x0000000105640000,0x0000000106851ac8,0x0000000107ca0000)
Event: 4.313 GC heap after
Heap after GC invocations=8 (full 4):
 PSYoungGen      total 22848K, used 0K [0x000000013e440000, 0x0000000140e90000, 0x0000000158240000)
  eden space 22592K, 0% used [0x000000013e440000,0x000000013e440000,0x000000013fa50000)
  from space 256K, 0% used [0x0000000140e50000,0x0000000140e50000,0x0000000140e90000)
  to   space 3264K, 0% used [0x0000000140830000,0x0000000140830000,0x0000000140b60000)
 ParOldGen       total 195136K, used 54080K [0x000000010a840000, 0x00000001166d0000, 0x000000013e440000)
  object space 195136K, 27% used [0x000000010a840000,0x000000010dd102c0,0x00000001166d0000)
 PSPermGen       total 37696K, used 18502K [0x0000000105640000, 0x0000000107b10000, 0x000000010a840000)
  object space 37696K, 49% used [0x0000000105640000,0x0000000106851a68,0x0000000107b10000)
}
Event: 4.586 GC heap before
{Heap before GC invocations=9 (full 4):
 PSYoungGen      total 22848K, used 22592K [0x000000013e440000, 0x0000000140e90000, 0x0000000158240000)
  eden space 22592K, 100% used [0x000000013e440000,0x000000013fa50000,0x000000013fa50000)
  from space 256K, 0% used [0x0000000140e50000,0x0000000140e50000,0x0000000140e90000)
  to   space 3264K, 0% used [0x0000000140830000,0x0000000140830000,0x0000000140b60000)
 ParOldGen       total 195136K, used 163455K [0x000000010a840000, 0x00000001166d0000, 0x000000013e440000)
  object space 195136K, 83% used [0x000000010a840000,0x00000001147dff30,0x00000001166d0000)
 PSPermGen       total 37696K, used 18543K [0x0000000105640000, 0x0000000107b10000, 0x000000010a840000)
  object space 37696K, 49% used [0x0000000105640000,0x000000010685bf18,0x0000000107b10000)
Event: 4.631 GC heap after
Heap after GC invocations=9 (full 4):
 PSYoungGen      total 27072K, used 486K [0x000000013e440000, 0x00000001411f0000, 0x0000000158240000)
  eden space 26560K, 0% used [0x000000013e440000,0x000000013e440000,0x000000013fe30000)
  from space 512K, 94% used [0x0000000140830000,0x00000001408a9960,0x00000001408b0000)
  to   space 9472K, 0% used [0x00000001408b0000,0x00000001408b0000,0x00000001411f0000)
 ParOldGen       total 195136K, used 163455K [0x000000010a840000, 0x00000001166d0000, 0x000000013e440000)
  object space 195136K, 83% used [0x000000010a840000,0x00000001147dff30,0x00000001166d0000)
 PSPermGen       total 37696K, used 18543K [0x0000000105640000, 0x0000000107b10000, 0x000000010a840000)
  object space 37696K, 49% used [0x0000000105640000,0x000000010685bf18,0x0000000107b10000)
}
Event: 5.395 GC heap before
{Heap before GC invocations=10 (full 5):
 PSYoungGen      total 27072K, used 27046K [0x000000013e440000, 0x00000001411f0000, 0x0000000158240000)
  eden space 26560K, 100% used [0x000000013e440000,0x000000013fe30000,0x000000013fe30000)
  from space 512K, 94% used [0x0000000140830000,0x00000001408a9960,0x00000001408b0000)
  to   space 9472K, 0% used [0x00000001408b0000,0x00000001408b0000,0x00000001411f0000)
 ParOldGen       total 367616K, used 366581K [0x000000010a840000, 0x0000000120f40000, 0x000000013e440000)
  object space 367616K, 99% used [0x000000010a840000,0x0000000120e3d400,0x0000000120f40000)
 PSPermGen       total 37696K, used 18598K [0x0000000105640000, 0x0000000107b10000, 0x000000010a840000)
  object space 37696K, 49% used [0x0000000105640000,0x00000001068699a8,0x0000000107b10000)
Event: 5.528 GC heap after
Heap after GC invocations=10 (full 5):
 PSYoungGen      total 27072K, used 0K [0x000000013e440000, 0x00000001411f0000, 0x0000000158240000)
  eden space 26560K, 0% used [0x000000013e440000,0x000000013e440000,0x000000013fe30000)
  from space 512K, 0% used [0x0000000140830000,0x0000000140830000,0x00000001408b0000)
  to   space 9472K, 0% used [0x00000001408b0000,0x00000001408b0000,0x00000001411f0000)
 ParOldGen       total 238464K, used 54716K [0x000000010a840000, 0x0000000119120000, 0x000000013e440000)
  object space 238464K, 22% used [0x000000010a840000,0x000000010ddaf218,0x0000000119120000)
 PSPermGen       total 35968K, used 18598K [0x0000000105640000, 0x0000000107960000, 0x000000010a840000)
  object space 35968K, 51% used [0x0000000105640000,0x0000000106869908,0x0000000107960000)
}
Event: 7.154 GC heap before
{Heap before GC invocations=11 (full 5):
 PSYoungGen      total 27072K, used 26560K [0x000000013e440000, 0x00000001411f0000, 0x0000000158240000)
  eden space 26560K, 100% used [0x000000013e440000,0x000000013fe30000,0x000000013fe30000)
  from space 512K, 0% used [0x0000000140830000,0x0000000140830000,0x00000001408b0000)
  to   space 9472K, 0% used [0x00000001408b0000,0x00000001408b0000,0x00000001411f0000)
 ParOldGen       total 238464K, used 179716K [0x000000010a840000, 0x0000000119120000, 0x000000013e440000)
  object space 238464K, 75% used [0x000000010a840000,0x00000001157c1298,0x0000000119120000)
 PSPermGen       total 35968K, used 19350K [0x0000000105640000, 0x0000000107960000, 0x000000010a840000)
  object space 35968K, 53% used [0x0000000105640000,0x00000001069258e8,0x0000000107960000)
Event: 7.205 GC heap after
Heap after GC invocations=11 (full 5):
 PSYoungGen      total 37312K, used 1578K [0x000000013e440000, 0x0000000141530000, 0x0000000158240000)
  eden space 27840K, 0% used [0x000000013e440000,0x000000013e440000,0x000000013ff70000)
  from space 9472K, 16% used [0x00000001408b0000,0x0000000140a3aaf8,0x00000001411f0000)
  to   space 9472K, 0% used [0x000000013ff70000,0x000000013ff70000,0x00000001408b0000)
 ParOldGen       total 238464K, used 179724K [0x000000010a840000, 0x0000000119120000, 0x000000013e440000)
  object space 238464K, 75% used [0x000000010a840000,0x00000001157c3298,0x0000000119120000)
 PSPermGen       total 35968K, used 19350K [0x0000000105640000, 0x0000000107960000, 0x000000010a840000)
  object space 35968K, 53% used [0x0000000105640000,0x00000001069258e8,0x0000000107960000)
}

Deoptimization events (10 events):
Event: 7.372 Thread 0x00007fa9fbb20800 Uncommon trap -34 fr.pc 0x000000010267b87c
Event: 7.470 Thread 0x00007fa9fb93c000 Uncommon trap -83 fr.pc 0x00000001026a0ae8
Event: 7.484 Thread 0x00007fa9fbb20800 Uncommon trap -34 fr.pc 0x000000010264bc90
Event: 7.484 Thread 0x00007fa9fbb20800 Uncommon trap -34 fr.pc 0x000000010264bc90
Event: 7.485 Thread 0x00007fa9fbb20800 Uncommon trap -34 fr.pc 0x000000010264bc90
Event: 7.485 Thread 0x00007fa9fbb20800 Uncommon trap -34 fr.pc 0x000000010264bc90
Event: 7.562 Thread 0x00007fa9fbb20800 Uncommon trap -58 fr.pc 0x0000000102685bbc
Event: 7.564 Thread 0x00007fa9fbb20800 Uncommon trap -58 fr.pc 0x0000000102685bbc
Event: 7.564 Thread 0x00007fa9fbb20800 Uncommon trap -58 fr.pc 0x0000000102685bbc
Event: 7.564 Thread 0x00007fa9fbb20800 Uncommon trap -58 fr.pc 0x0000000102685bbc

Internal exceptions (10 events):
Event: 5.999 Thread 0x00007fa9fb001000 Threw 0x000000013f975510 at /HUDSON/workspace/jdk7u9-2-build-macosx-amd64-product/jdk7u9/hotspot/src/share/vm/prims/jvm.cpp:1166
Event: 5.999 Thread 0x00007fa9fb001000 Threw 0x000000013f97fc38 at /HUDSON/workspace/jdk7u9-2-build-macosx-amd64-product/jdk7u9/hotspot/src/share/vm/prims/jvm.cpp:1166
Event: 6.001 Thread 0x00007fa9fb001000 Threw 0x000000013f99d8c8 at /HUDSON/workspace/jdk7u9-2-build-macosx-amd64-product/jdk7u9/hotspot/src/share/vm/prims/jvm.cpp:1166
Event: 6.008 Thread 0x00007fa9fb001000 Threw 0x000000013f9c0920 at /HUDSON/workspace/jdk7u9-2-build-macosx-amd64-product/jdk7u9/hotspot/src/share/vm/prims/jni.cpp:1631
Event: 6.012 Thread 0x00007fa9fb001000 Threw 0x000000013f9d6e58 at /HUDSON/workspace/jdk7u9-2-build-macosx-amd64-product/jdk7u9/hotspot/src/share/vm/prims/jvm.cpp:1166
Event: 6.012 Thread 0x00007fa9fb001000 Threw 0x000000013f9dfe18 at /HUDSON/workspace/jdk7u9-2-build-macosx-amd64-product/jdk7u9/hotspot/src/share/vm/prims/jvm.cpp:1166
Event: 6.014 Thread 0x00007fa9fb001000 Threw 0x000000013f9f6170 at /HUDSON/workspace/jdk7u9-2-build-macosx-amd64-product/jdk7u9/hotspot/src/share/vm/prims/jvm.cpp:1166
Event: 6.014 Thread 0x00007fa9fb001000 Threw 0x000000013fa01e48 at /HUDSON/workspace/jdk7u9-2-build-macosx-amd64-product/jdk7u9/hotspot/src/share/vm/prims/jvm.cpp:1166
Event: 6.018 Thread 0x00007fa9fb001000 Threw 0x000000013fa24f20 at /HUDSON/workspace/jdk7u9-2-build-macosx-amd64-product/jdk7u9/hotspot/src/share/vm/prims/jvm.cpp:1166
Event: 6.106 Thread 0x00007fa9fb001000 Threw 0x000000013fb4b9d0 at /HUDSON/workspace/jdk7u9-2-build-macosx-amd64-product/jdk7u9/hotspot/src/share/vm/prims/jvm.cpp:1166

Events (10 events):
Event: 7.564 Thread 0x00007fa9fbb20800 DEOPT PACKING pc=0x0000000102685bbc sp=0x000000016451beb0
Event: 7.564 Thread 0x00007fa9fbb20800 DEOPT UNPACKING pc=0x00000001025a7145 sp=0x000000016451bec0 mode 2
Event: 7.564 Thread 0x00007fa9fbb20800 DEOPT PACKING pc=0x0000000102685bbc sp=0x000000016451beb0
Event: 7.564 Thread 0x00007fa9fbb20800 DEOPT UNPACKING pc=0x00000001025a7145 sp=0x000000016451bec0 mode 2
Event: 8.681 loading class 0x00007fa9fa0cb9c0
Event: 8.681 loading class 0x00007fa9fa0cb9c0 done
Event: 9.376 loading class 0x00007fa9fccfa2c0
Event: 9.376 loading class 0x00007fa9fccfa2c0 done
Event: 9.377 loading class 0x00007fa9fe8012e0
Event: 9.377 loading class 0x00007fa9fe8012e0 done


Dynamic libraries:
0x0000000001069000 	/System/Library/Frameworks/Cocoa.framework/Versions/A/Cocoa
0x0000000001069000 	/System/Library/Frameworks/Security.framework/Versions/A/Security
0x0000000001069000 	/System/Library/Frameworks/ApplicationServices.framework/Versions/A/ApplicationServices
0x0000000001069000 	/usr/lib/libz.1.dylib
0x0000000001069000 	/usr/lib/libSystem.B.dylib
0x0000000001069000 	/usr/lib/libobjc.A.dylib
0x0000000001069000 	/System/Library/Frameworks/CoreFoundation.framework/Versions/A/CoreFoundation
0x0000000001069000 	/System/Library/Frameworks/AppKit.framework/Versions/C/AppKit
0x0000000001069000 	/System/Library/Frameworks/CoreData.framework/Versions/A/CoreData
0x0000000001069000 	/System/Library/Frameworks/Foundation.framework/Versions/C/Foundation
0x0000000001069000 	/System/Library/PrivateFrameworks/RemoteViewServices.framework/Versions/A/RemoteViewServices
0x0000000001069000 	/System/Library/Frameworks/AudioToolbox.framework/Versions/A/AudioToolbox
0x0000000001069000 	/System/Library/Frameworks/AudioUnit.framework/Versions/A/AudioUnit
0x0000000001069000 	/System/Library/PrivateFrameworks/DataDetectorsCore.framework/Versions/A/DataDetectorsCore
0x0000000001069000 	/System/Library/PrivateFrameworks/DesktopServicesPriv.framework/Versions/A/DesktopServicesPriv
0x0000000001069000 	/System/Library/Frameworks/Carbon.framework/Versions/A/Frameworks/HIToolbox.framework/Versions/A/HIToolbox
0x0000000001069000 	/System/Library/Frameworks/QuartzCore.framework/Versions/A/QuartzCore
0x0000000001069000 	/System/Library/Frameworks/Carbon.framework/Versions/A/Frameworks/SpeechRecognition.framework/Versions/A/SpeechRecognition
0x0000000001069000 	/usr/lib/libauto.dylib
0x0000000001069000 	/usr/lib/libicucore.A.dylib
0x0000000001069000 	/usr/lib/libxml2.2.dylib
0x0000000001069000 	/System/Library/PrivateFrameworks/CoreUI.framework/Versions/A/CoreUI
0x0000000001069000 	/System/Library/Frameworks/CoreAudio.framework/Versions/A/CoreAudio
0x0000000001069000 	/System/Library/Frameworks/DiskArbitration.framework/Versions/A/DiskArbitration
0x0000000001069000 	/usr/lib/liblangid.dylib
0x0000000001069000 	/System/Library/PrivateFrameworks/MultitouchSupport.framework/Versions/A/MultitouchSupport
0x0000000001069000 	/System/Library/Frameworks/IOKit.framework/Versions/A/IOKit
0x0000000001069000 	/usr/lib/libDiagnosticMessagesClient.dylib
0x0000000001069000 	/System/Library/Frameworks/CoreServices.framework/Versions/A/CoreServices
0x0000000001069000 	/System/Library/PrivateFrameworks/PerformanceAnalysis.framework/Versions/A/PerformanceAnalysis
0x0000000001069000 	/System/Library/PrivateFrameworks/GenerationalStorage.framework/Versions/A/GenerationalStorage
0x0000000001069000 	/System/Library/Frameworks/OpenGL.framework/Versions/A/OpenGL
0x0000000001069000 	/System/Library/Frameworks/CoreText.framework/Versions/A/CoreText
0x0000000001069000 	/System/Library/Frameworks/ImageIO.framework/Versions/A/ImageIO
0x0000000001069000 	/System/Library/PrivateFrameworks/Backup.framework/Versions/A/Backup
0x0000000001069000 	/System/Library/Frameworks/CFNetwork.framework/Versions/A/CFNetwork
0x0000000001069000 	/System/Library/Frameworks/SystemConfiguration.framework/Versions/A/SystemConfiguration
0x0000000001069000 	/usr/lib/libCRFSuite.dylib
0x0000000001069000 	/System/Library/PrivateFrameworks/TCC.framework/Versions/A/TCC
0x0000000001069000 	/usr/lib/libc++.1.dylib
0x0000000001069000 	/usr/lib/libc++abi.dylib
0x0000000001069000 	/usr/lib/system/libcache.dylib
0x0000000001069000 	/usr/lib/system/libcommonCrypto.dylib
0x0000000001069000 	/usr/lib/system/libcompiler_rt.dylib
0x0000000001069000 	/usr/lib/system/libcopyfile.dylib
0x0000000001069000 	/usr/lib/system/libdispatch.dylib
0x0000000001069000 	/usr/lib/system/libdnsinfo.dylib
0x0000000001069000 	/usr/lib/system/libdyld.dylib
0x0000000001069000 	/usr/lib/system/libkeymgr.dylib
0x0000000001069000 	/usr/lib/system/liblaunch.dylib
0x0000000001069000 	/usr/lib/system/libmacho.dylib
0x0000000001069000 	/usr/lib/system/libquarantine.dylib
0x0000000001069000 	/usr/lib/system/libremovefile.dylib
0x0000000001069000 	/usr/lib/system/libsystem_blocks.dylib
0x0000000001069000 	/usr/lib/system/libsystem_c.dylib
0x0000000001069000 	/usr/lib/system/libsystem_dnssd.dylib
0x0000000001069000 	/usr/lib/system/libsystem_info.dylib
0x0000000001069000 	/usr/lib/system/libsystem_kernel.dylib
0x0000000001069000 	/usr/lib/system/libsystem_m.dylib
0x0000000001069000 	/usr/lib/system/libsystem_network.dylib
0x0000000001069000 	/usr/lib/system/libsystem_notify.dylib
0x0000000001069000 	/usr/lib/system/libsystem_sandbox.dylib
0x0000000001069000 	/usr/lib/system/libunc.dylib
0x0000000001069000 	/usr/lib/system/libunwind.dylib
0x0000000001069000 	/usr/lib/system/libxpc.dylib
0x0000000001069000 	/usr/lib/system/libcorecrypto.dylib
0x0000000001069000 	/usr/lib/libstdc++.6.dylib
0x0000000001069000 	/usr/lib/libbsm.0.dylib
0x0000000001069000 	/usr/lib/libsqlite3.dylib
0x0000000001069000 	/usr/lib/libxar.1.dylib
0x0000000001069000 	/usr/lib/libpam.2.dylib
0x0000000001069000 	/usr/lib/libOpenScriptingUtil.dylib
0x0000000001069000 	/usr/lib/libbz2.1.0.dylib
0x0000000001069000 	/System/Library/Frameworks/CoreServices.framework/Versions/A/Frameworks/CarbonCore.framework/Versions/A/CarbonCore
0x0000000001069000 	/System/Library/Frameworks/CoreServices.framework/Versions/A/Frameworks/Metadata.framework/Versions/A/Metadata
0x0000000001069000 	/System/Library/Frameworks/CoreServices.framework/Versions/A/Frameworks/OSServices.framework/Versions/A/OSServices
0x0000000001069000 	/System/Library/Frameworks/CoreServices.framework/Versions/A/Frameworks/SearchKit.framework/Versions/A/SearchKit
0x0000000001069000 	/System/Library/Frameworks/CoreServices.framework/Versions/A/Frameworks/AE.framework/Versions/A/AE
0x0000000001069000 	/System/Library/Frameworks/CoreServices.framework/Versions/A/Frameworks/LaunchServices.framework/Versions/A/LaunchServices
0x0000000001069000 	/System/Library/Frameworks/CoreServices.framework/Versions/A/Frameworks/DictionaryServices.framework/Versions/A/DictionaryServices
0x0000000001069000 	/System/Library/Frameworks/NetFS.framework/Versions/A/NetFS
0x0000000001069000 	/usr/lib/system/libkxld.dylib
0x0000000001069000 	/System/Library/PrivateFrameworks/NetAuth.framework/Versions/A/NetAuth
0x0000000001069000 	/System/Library/Frameworks/OpenDirectory.framework/Versions/A/Frameworks/CFOpenDirectory.framework/Versions/A/CFOpenDirectory
0x0000000001069000 	/usr/lib/libxslt.1.dylib
0x0000000001069000 	/System/Library/PrivateFrameworks/FamilyControls.framework/Versions/A/FamilyControls
0x0000000001069000 	/System/Library/Frameworks/Carbon.framework/Versions/A/Frameworks/Ink.framework/Versions/A/Ink
0x0000000001069000 	/System/Library/Frameworks/ApplicationServices.framework/Versions/A/Frameworks/CoreGraphics.framework/Versions/A/CoreGraphics
0x0000000001069000 	/System/Library/Frameworks/ApplicationServices.framework/Versions/A/Frameworks/ATS.framework/Versions/A/ATS
0x0000000001069000 	/System/Library/Frameworks/ApplicationServices.framework/Versions/A/Frameworks/ColorSync.framework/Versions/A/ColorSync
0x0000000001069000 	/System/Library/Frameworks/ApplicationServices.framework/Versions/A/Frameworks/HIServices.framework/Versions/A/HIServices
0x0000000001069000 	/System/Library/Frameworks/ApplicationServices.framework/Versions/A/Frameworks/LangAnalysis.framework/Versions/A/LangAnalysis
0x0000000001069000 	/System/Library/Frameworks/ApplicationServices.framework/Versions/A/Frameworks/PrintCore.framework/Versions/A/PrintCore
0x0000000001069000 	/System/Library/Frameworks/ApplicationServices.framework/Versions/A/Frameworks/QD.framework/Versions/A/QD
0x0000000001069000 	/System/Library/Frameworks/ApplicationServices.framework/Versions/A/Frameworks/SpeechSynthesis.framework/Versions/A/SpeechSynthesis
0x0000000001069000 	/System/Library/Frameworks/IOSurface.framework/Versions/A/IOSurface
0x0000000001069000 	/System/Library/Frameworks/Accelerate.framework/Versions/A/Accelerate
0x0000000001069000 	/System/Library/Frameworks/ApplicationServices.framework/Versions/A/Frameworks/ATS.framework/Versions/A/Resources/libFontParser.dylib
0x0000000001069000 	/System/Library/Frameworks/ApplicationServices.framework/Versions/A/Frameworks/ATS.framework/Versions/A/Resources/libFontRegistry.dylib
0x0000000001069000 	/System/Library/Frameworks/Accelerate.framework/Versions/A/Frameworks/vImage.framework/Versions/A/vImage
0x0000000001069000 	/System/Library/Frameworks/Accelerate.framework/Versions/A/Frameworks/vecLib.framework/Versions/A/vecLib
0x0000000001069000 	/System/Library/Frameworks/Accelerate.framework/Versions/A/Frameworks/vecLib.framework/Versions/A/libvDSP.dylib
0x0000000001069000 	/System/Library/Frameworks/Accelerate.framework/Versions/A/Frameworks/vecLib.framework/Versions/A/libvMisc.dylib
0x0000000001069000 	/System/Library/Frameworks/Accelerate.framework/Versions/A/Frameworks/vecLib.framework/Versions/A/libLAPACK.dylib
0x0000000001069000 	/System/Library/Frameworks/Accelerate.framework/Versions/A/Frameworks/vecLib.framework/Versions/A/libBLAS.dylib
0x0000000001069000 	/System/Library/Frameworks/ImageIO.framework/Versions/A/Resources/libJPEG.dylib
0x0000000001069000 	/System/Library/Frameworks/ImageIO.framework/Versions/A/Resources/libTIFF.dylib
0x0000000001069000 	/System/Library/Frameworks/ImageIO.framework/Versions/A/Resources/libPng.dylib
0x0000000001069000 	/System/Library/Frameworks/ImageIO.framework/Versions/A/Resources/libGIF.dylib
0x0000000001069000 	/System/Library/Frameworks/ImageIO.framework/Versions/A/Resources/libJP2.dylib
0x0000000001069000 	/System/Library/Frameworks/ImageIO.framework/Versions/A/Resources/libRadiance.dylib
0x0000000001069000 	/usr/lib/libcups.2.dylib
0x0000000001069000 	/System/Library/Frameworks/Kerberos.framework/Versions/A/Kerberos
0x0000000001069000 	/System/Library/Frameworks/GSS.framework/Versions/A/GSS
0x0000000001069000 	/usr/lib/libresolv.9.dylib
0x0000000001069000 	/usr/lib/libiconv.2.dylib
0x0000000001069000 	/System/Library/PrivateFrameworks/Heimdal.framework/Versions/A/Heimdal
0x0000000001069000 	/System/Library/PrivateFrameworks/TrustEvaluationAgent.framework/Versions/A/TrustEvaluationAgent
0x0000000001069000 	/System/Library/Frameworks/OpenDirectory.framework/Versions/A/OpenDirectory
0x0000000001069000 	/System/Library/PrivateFrameworks/CommonAuth.framework/Versions/A/CommonAuth
0x0000000001069000 	/System/Library/PrivateFrameworks/Bom.framework/Versions/A/Bom
0x0000000001069000 	/System/Library/Frameworks/CoreVideo.framework/Versions/A/CoreVideo
0x0000000001069000 	/System/Library/Frameworks/QuartzCore.framework/Versions/A/Frameworks/CoreImage.framework/Versions/A/CoreImage
0x0000000001069000 	/System/Library/Frameworks/QuartzCore.framework/Versions/A/Frameworks/ScalableUserInterface.framework/Versions/A/ScalableUserInterface
0x0000000001069000 	/System/Library/Frameworks/OpenGL.framework/Versions/A/Libraries/libGLU.dylib
0x0000000001069000 	/System/Library/Frameworks/OpenGL.framework/Versions/A/Libraries/libGFXShared.dylib
0x0000000001069000 	/System/Library/Frameworks/OpenGL.framework/Versions/A/Libraries/libGL.dylib
0x0000000001069000 	/System/Library/Frameworks/OpenGL.framework/Versions/A/Libraries/libGLImage.dylib
0x0000000001069000 	/System/Library/Frameworks/OpenGL.framework/Versions/A/Libraries/libCVMSPluginSupport.dylib
0x0000000001069000 	/System/Library/Frameworks/OpenGL.framework/Versions/A/Libraries/libCoreVMClient.dylib
0x0000000001069000 	/System/Library/PrivateFrameworks/CrashReporterSupport.framework/Versions/A/CrashReporterSupport
0x0000000001069000 	/System/Library/Frameworks/OpenCL.framework/Versions/A/OpenCL
0x0000000001069000 	/System/Library/PrivateFrameworks/FaceCoreLight.framework/Versions/A/FaceCoreLight
0x0000000001069000 	/System/Library/PrivateFrameworks/AppleFSCompression.framework/Versions/A/AppleFSCompression
0x0000000001069000 	/System/Library/PrivateFrameworks/Ubiquity.framework/Versions/A/Ubiquity
0x0000000001069000 	/System/Library/Frameworks/ServiceManagement.framework/Versions/A/ServiceManagement
0x0000000001069000 	/System/Library/PrivateFrameworks/ChunkingLibrary.framework/Versions/A/ChunkingLibrary
0x0000000001069000 	/System/Library/Frameworks/vecLib.framework/Versions/A/vecLib
0x0000000001069000 	/System/Library/Frameworks/SecurityFoundation.framework/Versions/A/SecurityFoundation
0x0000000001069000 	/System/Library/PrivateFrameworks/CommerceKit.framework/Versions/A/Frameworks/CommerceCore.framework/Versions/A/CommerceCore
0x0000000001069000 	/System/Library/PrivateFrameworks/CoreSymbolication.framework/Versions/A/CoreSymbolication
0x0000000001069000 	/System/Library/PrivateFrameworks/Symbolication.framework/Versions/A/Symbolication
0x0000000001069000 	/System/Library/PrivateFrameworks/DebugSymbols.framework/Versions/A/DebugSymbols
0x00000001018f1000 	/Library/Java/JavaVirtualMachines/jdk1.7.0_09.jdk/Contents/Home/jre/lib/server/libjvm.dylib
0x000000010249b000 	/Library/Java/JavaVirtualMachines/jdk1.7.0_09.jdk/Contents/Home/jre/lib/libverify.dylib
0x00000001024a8000 	/Library/Java/JavaVirtualMachines/jdk1.7.0_09.jdk/Contents/Home/jre/lib/libjava.dylib
0x0000000102565000 	/Library/Java/JavaVirtualMachines/jdk1.7.0_09.jdk/Contents/Home/jre/lib/libzip.dylib
0x000000015d38d000 	/System/Library/Frameworks/JavaVM.framework/Frameworks/JavaRuntimeSupport.framework/JavaRuntimeSupport
0x000000015d3a5000 	/System/Library/Frameworks/JavaVM.framework/Versions/A/Frameworks/JavaNativeFoundation.framework/Versions/A/JavaNativeFoundation
0x000000015d3ba000 	/System/Library/Frameworks/JavaVM.framework/Versions/A/JavaVM
0x0000000001069000 	/System/Library/Frameworks/Carbon.framework/Versions/A/Carbon
0x000000015d3c7000 	/System/Library/PrivateFrameworks/JavaLaunching.framework/Versions/A/JavaLaunching
0x0000000001069000 	/System/Library/Frameworks/Carbon.framework/Versions/A/Frameworks/CommonPanels.framework/Versions/A/CommonPanels
0x0000000001069000 	/System/Library/Frameworks/Carbon.framework/Versions/A/Frameworks/Help.framework/Versions/A/Help
0x0000000001069000 	/System/Library/Frameworks/Carbon.framework/Versions/A/Frameworks/ImageCapture.framework/Versions/A/ImageCapture
0x0000000001069000 	/System/Library/Frameworks/Carbon.framework/Versions/A/Frameworks/OpenScripting.framework/Versions/A/OpenScripting
0x0000000001069000 	/System/Library/Frameworks/Carbon.framework/Versions/A/Frameworks/Print.framework/Versions/A/Print
0x0000000001069000 	/System/Library/Frameworks/Carbon.framework/Versions/A/Frameworks/SecurityHI.framework/Versions/A/SecurityHI
0x000000015e070000 	/Library/Java/JavaVirtualMachines/jdk1.7.0_09.jdk/Contents/Home/jre/lib/libnet.dylib
0x000000015e0cd000 	/Library/Java/JavaVirtualMachines/jdk1.7.0_09.jdk/Contents/Home/jre/lib/libnio.dylib
0x000000015e145000 	/Library/Java/JavaVirtualMachines/jdk1.7.0_09.jdk/Contents/Home/jre/lib/libmanagement.dylib
0x000000015e2a1000 	/Library/Java/JavaVirtualMachines/jdk1.7.0_09.jdk/Contents/Home/jre/lib/libawt.dylib
0x000000015e350000 	/Library/Java/JavaVirtualMachines/jdk1.7.0_09.jdk/Contents/Home/jre/lib/./libmlib_image.dylib
0x000000015e41c000 	/Library/Java/JavaVirtualMachines/jdk1.7.0_09.jdk/Contents/Home/jre/lib/lwawt/liblwawt.dylib
0x000000015e4ce000 	/Library/Java/JavaVirtualMachines/jdk1.7.0_09.jdk/Contents/Home/jre/lib/libosxapp.dylib
0x000000015e4ea000 	/System/Library/Frameworks/ExceptionHandling.framework/Versions/A/ExceptionHandling
0x0000000001069000 	/System/Library/PrivateFrameworks/CoreServicesInternal.framework/Versions/A/CoreServicesInternal
0x0000000001069000 	/System/Library/PrivateFrameworks/Librarian.framework/Versions/A/Librarian
0x0000000001069000 	/System/Library/Frameworks/ApplicationServices.framework/Versions/A/Frameworks/CoreGraphics.framework/Versions/A/Resources/libCSync.A.dylib
0x0000000001069000 	/System/Library/Frameworks/ApplicationServices.framework/Versions/A/Frameworks/CoreGraphics.framework/Versions/A/Resources/libRIP.A.dylib
0x0000000001069000 	/System/Library/Frameworks/ApplicationServices.framework/Versions/A/Frameworks/CoreGraphics.framework/Versions/A/Resources/libCGXType.A.dylib
0x00000001621b8000 	/System/Library/Frameworks/OpenGL.framework/Resources/GLEngine.bundle/GLEngine
0x00000001623a6000 	/System/Library/Frameworks/OpenGL.framework/Versions/A/Libraries/libGLProgrammability.dylib
0x0000000000000000 	/System/Library/Extensions/GeForceGLDriver.bundle/Contents/MacOS/GeForceGLDriver
0x00000001606d4000 	/System/Library/PrivateFrameworks/GPUSupport.framework/Versions/A/Libraries/libGPUSupport.dylib
0x0000000001069000 	/System/Library/Extensions/GeForceGLDriver.bundle/Contents/MacOS/libclh.dylib
0x000000016251c000 	/System/Library/Extensions/AppleIntelHDGraphicsGLDriver.bundle/Contents/MacOS/AppleIntelHDGraphicsGLDriver
0x00000001629c7000 	/System/Library/Frameworks/OpenGL.framework/Resources//GLRendererFloat.bundle/GLRendererFloat
0x00000001606e9000 	/System/Library/Frameworks/OpenCL.framework/Versions/A/Libraries/libcldcpuengine.dylib
0x0000000001069000 	/System/Library/PrivateFrameworks/DiskImages.framework/Versions/A/DiskImages
0x000000015fab5000 	/System/Library/Frameworks/OpenGL.framework/Versions/A/Libraries/libCoreFSCache.dylib
0x0000000001069000 	/System/Library/Frameworks/DiscRecording.framework/Versions/A/DiscRecording
0x0000000001069000 	/usr/lib/libcurl.4.dylib
0x0000000001069000 	/System/Library/PrivateFrameworks/MediaKit.framework/Versions/A/MediaKit
0x0000000001069000 	/usr/lib/libssl.0.9.8.dylib
0x0000000001069000 	/usr/lib/libcrypto.0.9.8.dylib
0x0000000001069000 	/System/Library/Frameworks/LDAP.framework/Versions/A/LDAP
0x0000000001069000 	/usr/lib/libsasl2.2.dylib
0x0000000162ed1000 	/Library/Java/JavaVirtualMachines/jdk1.7.0_09.jdk/Contents/Home/jre/lib/libfontmanager.dylib
0x00000001606ff000 	/Library/Java/JavaVirtualMachines/jdk1.7.0_09.jdk/Contents/Home/jre/lib/libosxui.dylib
0x0000000163d3c000 	cl_kernels
0x00000001649f4000 	/System/Library/Frameworks/OpenCL.framework/Versions/A/Libraries/ImageFormats/unorm8_bgra.dylib
0x0000000164ac1000 	cl_kernels
0x0000000169efb000 	/Library/Java/JavaVirtualMachines/jdk1.7.0_09.jdk/Contents/Home/jre/lib/libdcpr.dylib
0x0000000001069000 	/System/Library/CoreServices/RawCamera.bundle/Contents/MacOS/RawCamera

VM Arguments:
jvm_args: -Dfile.encoding=US-ASCII 
java_command: ch.uzh.agglorecommender.client.TestDriver -d random -ua classit -ca classit -s /Users/faber/Documents/MScPrj/complete_runs/classit_random
Launcher Type: SUN_STANDARD

Environment Variables:
PATH=/usr/bin:/bin:/usr/sbin:/sbin
SHELL=/bin/bash

Signal Handlers:
SIGSEGV: [libjvm.dylib+0x4a3a1d], sa_mask[0]=0xfffefeff, sa_flags=0x00000042
SIGBUS: [libjvm.dylib+0x4a3a1d], sa_mask[0]=0xfffefeff, sa_flags=0x00000042
SIGFPE: [libjvm.dylib+0x3b3431], sa_mask[0]=0xfffefeff, sa_flags=0x00000042
SIGPIPE: [libjvm.dylib+0x3b3431], sa_mask[0]=0xfffefeff, sa_flags=0x00000042
SIGXFSZ: [libjvm.dylib+0x3b3431], sa_mask[0]=0xfffefeff, sa_flags=0x00000042
SIGILL: [libjvm.dylib+0x3b3431], sa_mask[0]=0xfffefeff, sa_flags=0x00000042
SIGUSR1: SIG_DFL, sa_mask[0]=0x00000000, sa_flags=0x00000002
SIGUSR2: [libjvm.dylib+0x3b2fca], sa_mask[0]=0x00000004, sa_flags=0x00000042
SIGHUP: [libjvm.dylib+0x3b122b], sa_mask[0]=0xfffefeff, sa_flags=0x00000042
SIGINT: [libjvm.dylib+0x3b122b], sa_mask[0]=0xfffefeff, sa_flags=0x00000042
SIGTERM: [libjvm.dylib+0x3b122b], sa_mask[0]=0xfffefeff, sa_flags=0x00000042
SIGQUIT: [libjvm.dylib+0x3b122b], sa_mask[0]=0xfffefeff, sa_flags=0x00000042


---------------  S Y S T E M  ---------------

OS:Bsduname:Darwin 12.2.0 Darwin Kernel Version 12.2.0: Sat Aug 25 00:48:52 PDT 2012; root:xnu-2050.18.24~1/RELEASE_X86_64 x86_64
rlimit: STACK 8192k, CORE 0k, NPROC 709, NOFILE 10240, AS infinity
load average:1.67 1.40 1.16

CPU:total 4 (2 cores per cpu, 2 threads per core) family 6 model 37 stepping 2, cmov, cx8, fxsr, mmx, sse, sse2, sse3, ssse3, sse4.1, sse4.2, popcnt, ht, tsc, tscinvbit

Memory: 4k page, physical 5081092k(1270273k free)

/proc/meminfo:


vm_info: Java HotSpot(TM) 64-Bit Server VM (23.5-b02) for bsd-amd64 JRE (1.7.0_09-b05), built on Sep 24 2012 21:39:08 by "java_re" with gcc 4.2.1 (Based on Apple Inc. build 5658) (LLVM build 2336.9.00)

time: Fri Jan 25 18:35:17 2013
elapsed time: 10 seconds

